::1 - - [07/Mar/2019:12:40:48 +0000] "POST /ipn HTTP/1.1" - - "-" "PayPal IPN ( https://www.paypal.com/ipn )"
::1 - - [07/Mar/2019:12:42:21 +0000] "POST /ipn HTTP/1.1" - - "-" "PayPal IPN ( https://www.paypal.com/ipn )"
::1 - - [07/Mar/2019:12:45:05 +0000] "POST /ipn HTTP/1.1" - - "-" "PayPal IPN ( https://www.paypal.com/ipn )"
::1 - - [07/Mar/2019:12:47:46 +0000] "POST /ipn HTTP/1.1" - - "-" "PayPal IPN ( https://www.paypal.com/ipn )"
::1 - - [07/Mar/2019:12:51:46 +0000] "POST /ipn HTTP/1.1" - - "-" "PayPal IPN ( https://www.paypal.com/ipn )"
::1 - - [07/Mar/2019:12:58:27 +0000] "POST /ipn HTTP/1.1" - - "-" "PayPal IPN ( https://www.paypal.com/ipn )"
::1 - - [07/Mar/2019:13:10:29 +0000] "POST /ipn HTTP/1.1" - - "-" "PayPal IPN ( https://www.paypal.com/ipn )"
::1 - - [07/Mar/2019:14:17:47 +0000] "POST /ipn HTTP/1.1" - - "-" "PayPal IPN ( https://www.paypal.com/ipn )"
::1 - - [07/Mar/2019:14:19:20 +0000] "POST /ipn HTTP/1.1" - - "-" "PayPal IPN ( https://www.paypal.com/ipn )"
::1 - - [07/Mar/2019:14:21:01 +0000] "POST /ipn HTTP/1.1" - - "-" "PayPal IPN ( https://www.paypal.com/ipn )"
::1 - - [07/Mar/2019:14:23:04 +0000] "POST /ipn HTTP/1.1" - - "-" "PayPal IPN ( https://www.paypal.com/ipn )"
::1 - - [07/Mar/2019:14:25:43 +0000] "POST /ipn HTTP/1.1" - - "-" "PayPal IPN ( https://www.paypal.com/ipn )"
::1 - - [07/Mar/2019:14:29:43 +0000] "POST /ipn HTTP/1.1" - - "-" "PayPal IPN ( https://www.paypal.com/ipn )"
::1 - - [07/Mar/2019:14:36:24 +0000] "POST /ipn HTTP/1.1" - - "-" "PayPal IPN ( https://www.paypal.com/ipn )"
::1 - - [07/Mar/2019:15:09:46 +0000] "POST /ipn HTTP/1.1" - - "-" "PayPal IPN ( https://www.paypal.com/ipn )"
::1 - - [07/Mar/2019:15:18:45 +0000] "POST /ipn HTTP/1.1" - - "-" "PayPal IPN ( https://www.paypal.com/ipn )"
::1 - - [07/Mar/2019:15:18:45 +0000] "POST /ipn HTTP/1.1" - - "-" "PayPal IPN ( https://www.paypal.com/ipn )"
::1 - - [07/Mar/2019:15:20:15 +0000] "POST /ipn HTTP/1.1" - - "-" "PayPal IPN ( https://www.paypal.com/ipn )"
::1 - - [07/Mar/2019:15:20:16 +0000] "POST /ipn HTTP/1.1" - - "-" "PayPal IPN ( https://www.paypal.com/ipn )"
::1 - - [07/Mar/2019:15:21:58 +0000] "POST /ipn HTTP/1.1" - - "-" "PayPal IPN ( https://www.paypal.com/ipn )"
::1 - - [07/Mar/2019:15:21:59 +0000] "POST /ipn HTTP/1.1" - - "-" "PayPal IPN ( https://www.paypal.com/ipn )"
::1 - - [07/Mar/2019:15:24:03 +0000] "POST /ipn HTTP/1.1" - - "-" "PayPal IPN ( https://www.paypal.com/ipn )"
::1 - - [07/Mar/2019:15:24:03 +0000] "POST /ipn HTTP/1.1" - - "-" "PayPal IPN ( https://www.paypal.com/ipn )"
::1 - - [07/Mar/2019:15:26:44 +0000] "POST /ipn HTTP/1.1" - - "-" "PayPal IPN ( https://www.paypal.com/ipn )"
::1 - - [07/Mar/2019:15:26:45 +0000] "POST /ipn HTTP/1.1" - - "-" "PayPal IPN ( https://www.paypal.com/ipn )"
::1 - - [07/Mar/2019:15:30:45 +0000] "POST /ipn HTTP/1.1" - - "-" "PayPal IPN ( https://www.paypal.com/ipn )"
::1 - - [07/Mar/2019:15:30:45 +0000] "POST /ipn HTTP/1.1" - - "-" "PayPal IPN ( https://www.paypal.com/ipn )"
::1 - - [07/Mar/2019:15:37:25 +0000] "POST /ipn HTTP/1.1" - - "-" "PayPal IPN ( https://www.paypal.com/ipn )"
::1 - - [07/Mar/2019:15:37:25 +0000] "POST /ipn HTTP/1.1" - - "-" "PayPal IPN ( https://www.paypal.com/ipn )"
::1 - - [07/Mar/2019:15:49:26 +0000] "POST /ipn HTTP/1.1" - - "-" "PayPal IPN ( https://www.paypal.com/ipn )"
::1 - - [07/Mar/2019:15:49:26 +0000] "POST /ipn HTTP/1.1" - - "-" "PayPal IPN ( https://www.paypal.com/ipn )"
::1 - - [07/Mar/2019:16:12:05 +0000] "POST /ipn HTTP/1.1" - - "-" "PayPal IPN ( https://www.paypal.com/ipn )"
::1 - - [07/Mar/2019:16:12:06 +0000] "POST /ipn HTTP/1.1" - - "-" "PayPal IPN ( https://www.paypal.com/ipn )"
::1 - - [07/Mar/2019:20:52:34 +0000] "PUT //subscription/hhh HTTP/1.1" 404 156 "-" "PostmanRuntime/7.6.1"
::1 - - [07/Mar/2019:20:52:49 +0000] "PUT /subscription/hhh HTTP/1.1" 302 23 "-" "PostmanRuntime/7.6.1"
::1 - - [07/Mar/2019:20:52:49 +0000] "GET / HTTP/1.1" 200 4 "http://localhost:5000/subscription/hhh" "PostmanRuntime/7.6.1"
::1 - - [07/Mar/2019:20:52:54 +0000] "POST /user/login HTTP/1.1" 302 30 "-" "PostmanRuntime/7.6.1"
::1 - - [07/Mar/2019:20:52:54 +0000] "GET /profile HTTP/1.1" 200 437 "http://localhost:5000/user/login" "PostmanRuntime/7.6.1"
::1 - - [07/Mar/2019:20:52:58 +0000] "PUT /subscription/hhh HTTP/1.1" 200 - "-" "PostmanRuntime/7.6.1"
::1 - - [07/Mar/2019:20:54:42 +0000] "POST /user/login HTTP/1.1" 302 30 "-" "PostmanRuntime/7.6.1"
::1 - - [07/Mar/2019:20:54:42 +0000] "GET /profile HTTP/1.1" 200 437 "http://localhost:5000/user/login" "PostmanRuntime/7.6.1"
::1 - - [07/Mar/2019:20:54:45 +0000] "PUT /subscription/hhh HTTP/1.1" 200 - "-" "PostmanRuntime/7.6.1"
::1 - - [07/Mar/2019:20:55:37 +0000] "POST /user/login HTTP/1.1" 302 30 "-" "PostmanRuntime/7.6.1"
::1 - - [07/Mar/2019:20:55:37 +0000] "GET /profile HTTP/1.1" 200 437 "http://localhost:5000/user/login" "PostmanRuntime/7.6.1"
::1 - - [07/Mar/2019:20:55:42 +0000] "PUT /subscription/hhh HTTP/1.1" 200 - "-" "PostmanRuntime/7.6.1"
::1 - - [07/Mar/2019:20:58:07 +0000] "POST /user/login HTTP/1.1" 302 30 "-" "PostmanRuntime/7.6.1"
::1 - - [07/Mar/2019:20:58:07 +0000] "GET /profile HTTP/1.1" 200 437 "http://localhost:5000/user/login" "PostmanRuntime/7.6.1"
::1 - - [07/Mar/2019:20:59:08 +0000] "POST /user/login HTTP/1.1" 302 30 "-" "PostmanRuntime/7.6.1"
::1 - - [07/Mar/2019:20:59:10 +0000] "GET /profile HTTP/1.1" 200 437 "http://localhost:5000/user/login" "PostmanRuntime/7.6.1"
::1 - - [07/Mar/2019:20:59:20 +0000] "PUT /subscription/hhh HTTP/1.1" 200 318 "-" "PostmanRuntime/7.6.1"
::1 - - [07/Mar/2019:21:13:44 +0000] "POST /subscription/ HTTP/1.1" 200 318 "-" "PostmanRuntime/7.6.1"
::1 - - [07/Mar/2019:21:28:23 +0000] "POST /subscription/ HTTP/1.1" 200 318 "-" "PostmanRuntime/7.6.1"
::1 - - [07/Mar/2019:21:30:55 +0000] "POST /subscription/ HTTP/1.1" 200 243 "-" "PostmanRuntime/7.6.1"
::1 - - [07/Mar/2019:21:40:20 +0000] "POST /subscription/ HTTP/1.1" 200 318 "-" "PostmanRuntime/7.6.1"
::1 - - [07/Mar/2019:21:41:23 +0000] "POST /ipn HTTP/1.1" - - "-" "PayPal IPN ( https://www.paypal.com/ipn )"
::1 - - [07/Mar/2019:21:42:52 +0000] "POST /ipn HTTP/1.1" - - "-" "PayPal IPN ( https://www.paypal.com/ipn )"
::1 - - [07/Mar/2019:21:44:33 +0000] "POST /ipn HTTP/1.1" - - "-" "PayPal IPN ( https://www.paypal.com/ipn )"
::1 - - [07/Mar/2019:21:46:32 +0000] "POST /ipn HTTP/1.1" - - "-" "PayPal IPN ( https://www.paypal.com/ipn )"
::1 - - [07/Mar/2019:21:49:13 +0000] "POST /ipn HTTP/1.1" - - "-" "PayPal IPN ( https://www.paypal.com/ipn )"
::1 - - [07/Mar/2019:21:53:16 +0000] "POST /ipn HTTP/1.1" - - "-" "PayPal IPN ( https://www.paypal.com/ipn )"
::1 - - [07/Mar/2019:21:56:05 +0000] "GET /subscription/ HTTP/1.1" 200 4 "-" "PostmanRuntime/7.6.1"
::1 - - [07/Mar/2019:21:56:22 +0000] "POST /user/login HTTP/1.1" 302 30 "-" "PostmanRuntime/7.6.1"
::1 - - [07/Mar/2019:21:56:22 +0000] "GET /profile HTTP/1.1" 200 437 "http://localhost:5000/user/login" "PostmanRuntime/7.6.1"
::1 - - [07/Mar/2019:21:56:24 +0000] "GET /subscription/ HTTP/1.1" 200 4 "-" "PostmanRuntime/7.6.1"
::1 - - [07/Mar/2019:21:56:27 +0000] "GET /subscription/ HTTP/1.1" 200 4 "-" "PostmanRuntime/7.6.1"
::1 - - [07/Mar/2019:21:56:32 +0000] "POST /user/login HTTP/1.1" 302 30 "-" "PostmanRuntime/7.6.1"
::1 - - [07/Mar/2019:21:56:32 +0000] "GET /profile HTTP/1.1" 200 437 "http://localhost:5000/user/login" "PostmanRuntime/7.6.1"
::1 - - [07/Mar/2019:21:56:36 +0000] "GET /subscription/ HTTP/1.1" 200 4 "-" "PostmanRuntime/7.6.1"
::1 - - [07/Mar/2019:21:56:51 +0000] "GET /subscription/s HTTP/1.1" 200 180 "-" "PostmanRuntime/7.6.1"
::1 - - [07/Mar/2019:21:57:02 +0000] "GET /subscription/sddddd HTTP/1.1" 200 195 "-" "PostmanRuntime/7.6.1"
::1 - - [07/Mar/2019:21:59:30 +0000] "GET /subscription/sddddd HTTP/1.1" 200 195 "-" "PostmanRuntime/7.6.1"
::1 - - [07/Mar/2019:21:59:58 +0000] "POST /ipn HTTP/1.1" - - "-" "PayPal IPN ( https://www.paypal.com/ipn )"
