::1 - - [04/Mar/2019:18:57:48 +0000] "POST /subscription HTTP/1.1" 302 23 "-" "Needle/1.6.0 (Node.js v6.14.4; linux x64)"
::1 - - [04/Mar/2019:19:09:10 +0000] "POST /ipn HTTP/1.1" - - "-" "Needle/1.6.0 (Node.js v6.14.4; linux x64)"
::1 - - [04/Mar/2019:19:10:09 +0000] "POST /ipn HTTP/1.1" - - "-" "Needle/1.6.0 (Node.js v6.14.4; linux x64)"
::1 - - [04/Mar/2019:19:11:03 +0000] "POST /ipn HTTP/1.1" - - "-" "Needle/1.6.0 (Node.js v6.14.4; linux x64)"
::1 - - [04/Mar/2019:19:24:33 +0000] "POST /ipn HTTP/1.1" - - "-" "Needle/1.6.0 (Node.js v6.14.4; linux x64)"
::1 - - [04/Mar/2019:19:49:29 +0000] "POST /ipn HTTP/1.1" - - "-" "Needle/1.6.0 (Node.js v6.14.4; linux x64)"
::1 - - [04/Mar/2019:19:53:42 +0000] "POST /ipn HTTP/1.1" - - "-" "Needle/1.6.0 (Node.js v6.14.4; linux x64)"
::1 - - [04/Mar/2019:19:57:22 +0000] "POST /ipn HTTP/1.1" - - "-" "Needle/1.6.0 (Node.js v6.14.4; linux x64)"
::1 - - [04/Mar/2019:19:58:26 +0000] "POST /ipn HTTP/1.1" - - "-" "Needle/1.6.0 (Node.js v6.14.4; linux x64)"
::1 - - [05/Mar/2019:13:42:46 +0000] "POST /ipn HTTP/1.1" - - "-" "PayPal/AUHR-214.0-51787073"
::1 - - [05/Mar/2019:13:45:26 +0000] "POST /ipn HTTP/1.1" - - "-" "PayPal/AUHR-214.0-51787073"
::1 - - [05/Mar/2019:13:45:54 +0000] "POST /ipn HTTP/1.1" - - "-" "PayPal/AUHR-214.0-51787073"
::1 - - [05/Mar/2019:13:48:19 +0000] "POST /ipn HTTP/1.1" - - "-" "PayPal/AUHD-214.0-51787073"
::1 - - [05/Mar/2019:13:48:32 +0000] "POST /ipn HTTP/1.1" - - "-" "PayPal/AUHR-214.0-51787073"
::1 - - [05/Mar/2019:13:48:44 +0000] "POST /ipn HTTP/1.1" - - "-" "PayPal/AUHR-214.0-51787073"
::1 - - [05/Mar/2019:13:48:55 +0000] "POST /ipn HTTP/1.1" - - "-" "PayPal/AUHR-214.0-51787073"
::1 - - [05/Mar/2019:13:49:24 +0000] "POST /ipn HTTP/1.1" - - "-" "PayPal/AUHR-214.0-51787073"
::1 - - [05/Mar/2019:13:49:36 +0000] "POST /ipn HTTP/1.1" - - "-" "PayPal/AUHR-214.0-51787073"
::1 - - [05/Mar/2019:13:50:14 +0000] "POST /ipn HTTP/1.1" - - "-" "PayPal/AUHR-214.0-51787073"
::1 - - [05/Mar/2019:13:50:23 +0000] "POST /ipn HTTP/1.1" - - "-" "PayPal/AUHR-214.0-51787073"
::1 - - [05/Mar/2019:13:50:36 +0000] "POST /ipn HTTP/1.1" - - "-" "PayPal/AUHR-214.0-51787073"
::1 - - [05/Mar/2019:13:51:24 +0000] "POST /ipn HTTP/1.1" - - "-" "PayPal/AUHR-214.0-51787073"
::1 - - [05/Mar/2019:13:51:43 +0000] "POST /ipn HTTP/1.1" - - "-" "PayPal/AUHR-214.0-51787073"
::1 - - [05/Mar/2019:13:51:58 +0000] "POST /ipn HTTP/1.1" - - "-" "PayPal/AUHR-214.0-51787073"
::1 - - [05/Mar/2019:13:52:26 +0000] "POST /ipn HTTP/1.1" - - "-" "PayPal/AUHR-214.0-51787073"
::1 - - [05/Mar/2019:13:52:37 +0000] "POST /ipn HTTP/1.1" - - "-" "PayPal/AUHR-214.0-51787073"
::1 - - [05/Mar/2019:13:52:49 +0000] "POST /ipn HTTP/1.1" - - "-" "PayPal/AUHR-214.0-51787073"
::1 - - [05/Mar/2019:13:53:13 +0000] "POST /ipn HTTP/1.1" - - "-" "PayPal/AUHR-214.0-51787073"
::1 - - [05/Mar/2019:13:53:35 +0000] "POST /ipn HTTP/1.1" - - "-" "PayPal/AUHR-214.0-51787073"
::1 - - [05/Mar/2019:13:53:36 +0000] "POST /ipn HTTP/1.1" - - "-" "PayPal/AUHR-214.0-51787073"
::1 - - [05/Mar/2019:13:54:06 +0000] "POST /ipn HTTP/1.1" - - "-" "PayPal/AUHR-214.0-51787073"
::1 - - [05/Mar/2019:13:54:23 +0000] "POST /ipn HTTP/1.1" - - "-" "PayPal/AUHR-214.0-51787073"
::1 - - [05/Mar/2019:13:54:54 +0000] "POST /ipn HTTP/1.1" - - "-" "PayPal/AUHR-214.0-51787073"
::1 - - [05/Mar/2019:13:55:23 +0000] "POST /ipn HTTP/1.1" - - "-" "PayPal/AUHR-214.0-51787073"
::1 - - [05/Mar/2019:13:55:23 +0000] "POST /ipn HTTP/1.1" - - "-" "PayPal/AUHR-214.0-51787073"
::1 - - [05/Mar/2019:13:55:50 +0000] "POST /ipn HTTP/1.1" - - "-" "PayPal/AUHR-214.0-51787073"
::1 - - [05/Mar/2019:13:56:22 +0000] "POST /ipn HTTP/1.1" - - "-" "PayPal/AUHR-214.0-51787073"
::1 - - [05/Mar/2019:13:56:37 +0000] "POST /ipn HTTP/1.1" - - "-" "PayPal/AUHR-214.0-51787073"
::1 - - [05/Mar/2019:13:56:50 +0000] "POST /ipn HTTP/1.1" - - "-" "PayPal/AUHR-214.0-51787073"
::1 - - [05/Mar/2019:13:57:21 +0000] "POST /ipn HTTP/1.1" - - "-" "PayPal/AUHR-214.0-51787073"
::1 - - [05/Mar/2019:13:57:41 +0000] "POST /ipn HTTP/1.1" - - "-" "PayPal/AUHR-214.0-51787073"
::1 - - [05/Mar/2019:13:58:14 +0000] "POST /ipn HTTP/1.1" - - "-" "PayPal/AUHR-214.0-51787073"
::1 - - [05/Mar/2019:13:58:17 +0000] "POST /ipn HTTP/1.1" - - "-" "PayPal/AUHR-214.0-51787073"
::1 - - [05/Mar/2019:13:58:34 +0000] "POST /ipn HTTP/1.1" - - "-" "PayPal/AUHR-214.0-51787073"
::1 - - [05/Mar/2019:13:59:33 +0000] "POST /ipn HTTP/1.1" - - "-" "PayPal/AUHR-214.0-51787073"
::1 - - [05/Mar/2019:13:59:33 +0000] "POST /ipn HTTP/1.1" - - "-" "PayPal/AUHR-214.0-51787073"
::1 - - [05/Mar/2019:13:59:44 +0000] "POST /ipn HTTP/1.1" - - "-" "PayPal/AUHR-214.0-51787073"
::1 - - [05/Mar/2019:14:00:35 +0000] "POST /ipn HTTP/1.1" - - "-" "PayPal/AUHR-214.0-51787073"
::1 - - [05/Mar/2019:14:00:39 +0000] "POST /ipn HTTP/1.1" - - "-" "PayPal/AUHR-214.0-51787073"
::1 - - [05/Mar/2019:14:00:41 +0000] "POST /ipn HTTP/1.1" - - "-" "PayPal/AUHR-214.0-51787073"
::1 - - [05/Mar/2019:14:01:23 +0000] "POST /ipn HTTP/1.1" - - "-" "PayPal/AUHR-214.0-51787073"
::1 - - [05/Mar/2019:14:01:38 +0000] "POST /ipn HTTP/1.1" - - "-" "PayPal/AUHR-214.0-51787073"
::1 - - [05/Mar/2019:14:01:50 +0000] "POST /ipn HTTP/1.1" - - "-" "PayPal/AUHR-214.0-51787073"
::1 - - [05/Mar/2019:14:02:14 +0000] "POST /ipn HTTP/1.1" - - "-" "PayPal/AUHR-214.0-51787073"
::1 - - [05/Mar/2019:14:02:35 +0000] "POST /ipn HTTP/1.1" - - "-" "PayPal/AUHR-214.0-51787073"
::1 - - [05/Mar/2019:14:02:47 +0000] "POST /ipn HTTP/1.1" - - "-" "PayPal/AUHR-214.0-51787073"
::1 - - [05/Mar/2019:14:03:23 +0000] "POST /ipn HTTP/1.1" - - "-" "PayPal/AUHR-214.0-51787073"
::1 - - [05/Mar/2019:14:03:59 +0000] "POST /ipn HTTP/1.1" - - "-" "PayPal/AUHR-214.0-51787073"
::1 - - [05/Mar/2019:14:04:11 +0000] "POST /ipn HTTP/1.1" - - "-" "PayPal/AUHR-214.0-51787073"
::1 - - [05/Mar/2019:14:04:42 +0000] "POST /ipn HTTP/1.1" - - "-" "PayPal/AUHR-214.0-51787073"
::1 - - [05/Mar/2019:14:05:13 +0000] "POST /ipn HTTP/1.1" - - "-" "PayPal/AUHR-214.0-51787073"
::1 - - [05/Mar/2019:14:05:40 +0000] "POST /ipn HTTP/1.1" - - "-" "PayPal/AUHR-214.0-51787073"
::1 - - [05/Mar/2019:14:06:38 +0000] "POST /ipn HTTP/1.1" - - "-" "PayPal/AUHR-214.0-51787073"
::1 - - [05/Mar/2019:14:07:00 +0000] "POST /ipn HTTP/1.1" - - "-" "PayPal/AUHR-214.0-51787073"
::1 - - [05/Mar/2019:14:07:33 +0000] "POST /ipn HTTP/1.1" - - "-" "PayPal/AUHR-214.0-51787073"
::1 - - [05/Mar/2019:14:07:59 +0000] "POST /ipn HTTP/1.1" - - "-" "PayPal/AUHR-214.0-51787073"
::1 - - [05/Mar/2019:14:08:29 +0000] "POST /ipn HTTP/1.1" - - "-" "PayPal/AUHR-214.0-51787073"
::1 - - [05/Mar/2019:14:08:45 +0000] "POST /ipn HTTP/1.1" - - "-" "PayPal/AUHR-214.0-51787073"
::1 - - [05/Mar/2019:14:09:15 +0000] "POST /ipn HTTP/1.1" - - "-" "PayPal/AUHR-214.0-51787073"
::1 - - [05/Mar/2019:14:09:50 +0000] "POST /ipn HTTP/1.1" - - "-" "PayPal/AUHR-214.0-51787073"
::1 - - [05/Mar/2019:14:10:43 +0000] "POST /ipn HTTP/1.1" - - "-" "PayPal/AUHR-214.0-51787073"
::1 - - [05/Mar/2019:14:11:46 +0000] "POST /ipn HTTP/1.1" - - "-" "PayPal/AUHR-214.0-51787073"
::1 - - [05/Mar/2019:14:12:49 +0000] "POST /ipn HTTP/1.1" - - "-" "PayPal/AUHR-214.0-51787073"
::1 - - [05/Mar/2019:14:13:38 +0000] "POST /ipn HTTP/1.1" - - "-" "PayPal/AUHR-214.0-51787073"
::1 - - [06/Mar/2019:18:22:29 +0000] "POST /ipn HTTP/1.1" - - "-" "Needle/1.6.0 (Node.js v6.14.4; linux x64)"
::ffff:127.0.0.1 - - [06/Mar/2019:18:59:20 +0000] "POST /ipn HTTP/1.1" - - "-" "PayPal/AUHR-214.0-51787073"
::1 - - [06/Mar/2019:18:59:36 +0000] "POST /ipn HTTP/1.1" - - "-" "PayPal/AUHR-214.0-51787073"
::1 - - [06/Mar/2019:19:00:06 +0000] "POST /ipn HTTP/1.1" - - "-" "PayPal/AUHR-214.0-51787073"
::1 - - [06/Mar/2019:19:00:20 +0000] "POST /ipn HTTP/1.1" - - "-" "PayPal/AUHR-214.0-51787073"
::1 - - [06/Mar/2019:19:00:29 +0000] "POST /ipn HTTP/1.1" - - "-" "PayPal/AUHR-214.0-51787073"
::1 - - [06/Mar/2019:19:00:57 +0000] "POST /ipn HTTP/1.1" - - "-" "PayPal/AUHR-214.0-51787073"
::1 - - [06/Mar/2019:19:01:10 +0000] "POST /ipn HTTP/1.1" - - "-" "PayPal/AUHR-214.0-51787073"
::1 - - [06/Mar/2019:19:01:28 +0000] "POST /ipn HTTP/1.1" - - "-" "PayPal/AUHR-214.0-51787073"
::1 - - [06/Mar/2019:19:01:31 +0000] "POST /ipn HTTP/1.1" - - "-" "PayPal/AUHR-214.0-51787073"
::1 - - [06/Mar/2019:19:02:11 +0000] "POST /ipn HTTP/1.1" - - "-" "PayPal/AUHR-214.0-51787073"
::1 - - [06/Mar/2019:19:02:20 +0000] "POST /ipn HTTP/1.1" - - "-" "PayPal/AUHR-214.0-51787073"
::1 - - [06/Mar/2019:19:02:20 +0000] "POST /ipn HTTP/1.1" - - "-" "PayPal/AUHR-214.0-51787073"
::1 - - [06/Mar/2019:19:02:30 +0000] "POST /ipn HTTP/1.1" - - "-" "PayPal/AUHR-214.0-51787073"
::1 - - [06/Mar/2019:19:03:20 +0000] "POST /ipn HTTP/1.1" - - "-" "PayPal/AUHR-214.0-51787073"
::1 - - [06/Mar/2019:19:03:22 +0000] "POST /ipn HTTP/1.1" - - "-" "PayPal/AUHR-214.0-51787073"
::1 - - [06/Mar/2019:19:03:34 +0000] "POST /ipn HTTP/1.1" - - "-" "PayPal/AUHR-214.0-51787073"
::1 - - [06/Mar/2019:19:03:45 +0000] "POST /ipn HTTP/1.1" - - "-" "PayPal/AUHR-214.0-51787073"
::1 - - [06/Mar/2019:19:04:27 +0000] "POST /ipn HTTP/1.1" - - "-" "PayPal/AUHR-214.0-51787073"
::1 - - [06/Mar/2019:19:04:50 +0000] "POST /ipn HTTP/1.1" - - "-" "PayPal/AUHR-214.0-51787073"
::1 - - [06/Mar/2019:19:04:51 +0000] "POST /ipn HTTP/1.1" - - "-" "PayPal/AUHR-214.0-51787073"
::1 - - [06/Mar/2019:19:05:04 +0000] "POST /ipn HTTP/1.1" - - "-" "PayPal/AUHR-214.0-51787073"
::1 - - [06/Mar/2019:19:05:24 +0000] "POST /ipn HTTP/1.1" - - "-" "PayPal/AUHR-214.0-51787073"
::1 - - [06/Mar/2019:19:05:35 +0000] "POST /ipn HTTP/1.1" - - "-" "PayPal/AUHR-214.0-51787073"
::1 - - [06/Mar/2019:19:05:54 +0000] "POST /ipn HTTP/1.1" - - "-" "PayPal/AUHR-214.0-51787073"
::1 - - [06/Mar/2019:19:06:20 +0000] "POST /ipn HTTP/1.1" - - "-" "PayPal/AUHR-214.0-51787073"
::1 - - [06/Mar/2019:19:06:33 +0000] "POST /ipn HTTP/1.1" - - "-" "PayPal/AUHR-214.0-51787073"
::1 - - [06/Mar/2019:19:06:44 +0000] "POST /ipn HTTP/1.1" - - "-" "PayPal/AUHR-214.0-51787073"
::1 - - [06/Mar/2019:19:07:03 +0000] "POST /ipn HTTP/1.1" - - "-" "PayPal/AUHR-214.0-51787073"
::1 - - [06/Mar/2019:19:07:24 +0000] "POST /ipn HTTP/1.1" - - "-" "PayPal/AUHR-214.0-51787073"
::1 - - [06/Mar/2019:19:07:32 +0000] "POST /ipn HTTP/1.1" - - "-" "PayPal/AUHR-214.0-51787073"
::1 - - [06/Mar/2019:19:07:45 +0000] "POST /ipn HTTP/1.1" - - "-" "PayPal/AUHR-214.0-51787073"
::1 - - [06/Mar/2019:19:07:52 +0000] "POST /ipn HTTP/1.1" - - "-" "PayPal/AUHR-214.0-51787073"
::1 - - [06/Mar/2019:19:08:37 +0000] "POST /ipn HTTP/1.1" - - "-" "PayPal/AUHR-214.0-51787073"
::1 - - [06/Mar/2019:19:08:56 +0000] "POST /ipn HTTP/1.1" - - "-" "PayPal/AUHR-214.0-51787073"
::1 - - [06/Mar/2019:19:09:04 +0000] "POST /ipn HTTP/1.1" - - "-" "PayPal/AUHR-214.0-51787073"
::1 - - [06/Mar/2019:19:09:17 +0000] "POST /ipn HTTP/1.1" - - "-" "PayPal/AUHR-214.0-51787073"
::1 - - [06/Mar/2019:19:09:43 +0000] "POST /ipn HTTP/1.1" - - "-" "PayPal/AUHR-214.0-51787073"
::1 - - [06/Mar/2019:19:10:00 +0000] "POST /ipn HTTP/1.1" - - "-" "PayPal/AUHR-214.0-51787073"
::1 - - [06/Mar/2019:19:10:00 +0000] "POST /ipn HTTP/1.1" - - "-" "PayPal/AUHR-214.0-51787073"
::1 - - [06/Mar/2019:19:10:07 +0000] "POST /ipn HTTP/1.1" - - "-" "PayPal/AUHR-214.0-51787073"
::1 - - [06/Mar/2019:19:10:34 +0000] "POST /ipn HTTP/1.1" - - "-" "PayPal/AUHR-214.0-51787073"
::1 - - [06/Mar/2019:19:10:56 +0000] "POST /ipn HTTP/1.1" - - "-" "PayPal/AUHR-214.0-51787073"
::1 - - [06/Mar/2019:19:11:10 +0000] "POST /ipn HTTP/1.1" - - "-" "PayPal/AUHR-214.0-51787073"
::1 - - [06/Mar/2019:19:11:30 +0000] "POST /ipn HTTP/1.1" - - "-" "PayPal/AUHR-214.0-51787073"
::1 - - [06/Mar/2019:19:11:56 +0000] "POST /ipn HTTP/1.1" - - "-" "PayPal/AUHR-214.0-51787073"
::1 - - [06/Mar/2019:19:12:19 +0000] "POST /ipn HTTP/1.1" - - "-" "PayPal/AUHR-214.0-51787073"
::1 - - [06/Mar/2019:19:12:29 +0000] "POST /ipn HTTP/1.1" - - "-" "PayPal/AUHR-214.0-51787073"
::1 - - [06/Mar/2019:19:12:38 +0000] "POST /ipn HTTP/1.1" - - "-" "PayPal/AUHR-214.0-51787073"
::1 - - [06/Mar/2019:19:13:04 +0000] "POST /ipn HTTP/1.1" - - "-" "PayPal/AUHR-214.0-51787073"
::1 - - [06/Mar/2019:19:13:18 +0000] "POST /ipn HTTP/1.1" - - "-" "PayPal/AUHR-214.0-51787073"
::1 - - [06/Mar/2019:19:13:49 +0000] "POST /ipn HTTP/1.1" - - "-" "PayPal/AUHR-214.0-51787073"
::1 - - [06/Mar/2019:19:14:17 +0000] "POST /ipn HTTP/1.1" - - "-" "PayPal/AUHR-214.0-51787073"
::1 - - [06/Mar/2019:19:14:19 +0000] "POST /ipn HTTP/1.1" - - "-" "PayPal/AUHR-214.0-51787073"
::1 - - [06/Mar/2019:19:14:35 +0000] "POST /ipn HTTP/1.1" - - "-" "PayPal/AUHR-214.0-51787073"
::1 - - [06/Mar/2019:19:14:44 +0000] "POST /ipn HTTP/1.1" - - "-" "PayPal/AUHR-214.0-51787073"
::1 - - [06/Mar/2019:19:15:19 +0000] "POST /ipn HTTP/1.1" - - "-" "PayPal/AUHR-214.0-51787073"
::1 - - [06/Mar/2019:19:15:32 +0000] "POST /ipn HTTP/1.1" - - "-" "PayPal/AUHR-214.0-51787073"
::1 - - [06/Mar/2019:19:16:15 +0000] "POST /ipn HTTP/1.1" - - "-" "PayPal/AUHR-214.0-51787073"
::1 - - [06/Mar/2019:19:16:28 +0000] "POST /ipn HTTP/1.1" - - "-" "PayPal/AUHR-214.0-51787073"
::1 - - [06/Mar/2019:19:16:31 +0000] "POST /ipn HTTP/1.1" - - "-" "PayPal/AUHR-214.0-51787073"
::1 - - [06/Mar/2019:19:16:51 +0000] "POST /ipn HTTP/1.1" - - "-" "PayPal/AUHR-214.0-51787073"
::1 - - [06/Mar/2019:19:17:23 +0000] "POST /ipn HTTP/1.1" - - "-" "PayPal/AUHR-214.0-51787073"
::1 - - [06/Mar/2019:19:17:26 +0000] "POST /ipn HTTP/1.1" - - "-" "PayPal/AUHR-214.0-51787073"
::1 - - [06/Mar/2019:19:17:45 +0000] "POST /ipn HTTP/1.1" - - "-" "PayPal/AUHR-214.0-51787073"
::1 - - [06/Mar/2019:19:18:14 +0000] "POST /ipn HTTP/1.1" - - "-" "PayPal/AUHR-214.0-51787073"
::1 - - [06/Mar/2019:19:18:41 +0000] "POST /ipn HTTP/1.1" - - "-" "PayPal/AUHR-214.0-51787073"
::1 - - [06/Mar/2019:19:18:52 +0000] "POST /ipn HTTP/1.1" - - "-" "PayPal/AUHR-214.0-51787073"
::1 - - [06/Mar/2019:19:19:02 +0000] "POST /ipn HTTP/1.1" - - "-" "PayPal/AUHR-214.0-51787073"
::1 - - [06/Mar/2019:19:19:25 +0000] "POST /ipn HTTP/1.1" - - "-" "PayPal/AUHR-214.0-51787073"
::1 - - [06/Mar/2019:19:19:34 +0000] "POST /ipn HTTP/1.1" - - "-" "PayPal/AUHR-214.0-51787073"
::1 - - [06/Mar/2019:19:19:59 +0000] "POST /ipn HTTP/1.1" - - "-" "PayPal/AUHR-214.0-51787073"
::1 - - [06/Mar/2019:19:20:32 +0000] "POST /ipn HTTP/1.1" - - "-" "PayPal/AUHR-214.0-51787073"
::1 - - [06/Mar/2019:19:20:38 +0000] "POST /ipn HTTP/1.1" - - "-" "PayPal/AUHR-214.0-51787073"
::1 - - [06/Mar/2019:19:20:38 +0000] "POST /ipn HTTP/1.1" - - "-" "PayPal/AUHR-214.0-51787073"
::1 - - [06/Mar/2019:19:20:57 +0000] "POST /ipn HTTP/1.1" - - "-" "PayPal/AUHR-214.0-51787073"
::1 - - [06/Mar/2019:19:21:28 +0000] "POST /ipn HTTP/1.1" - - "-" "PayPal/AUHR-214.0-51787073"
::1 - - [06/Mar/2019:19:22:06 +0000] "POST /ipn HTTP/1.1" - - "-" "PayPal/AUHR-214.0-51787073"
::1 - - [06/Mar/2019:19:22:09 +0000] "POST /ipn HTTP/1.1" - - "-" "PayPal/AUHR-214.0-51787073"
::1 - - [06/Mar/2019:19:22:24 +0000] "POST /ipn HTTP/1.1" - - "-" "PayPal/AUHR-214.0-51787073"
::1 - - [06/Mar/2019:19:23:04 +0000] "POST /ipn HTTP/1.1" - - "-" "PayPal/AUHR-214.0-51787073"
::1 - - [06/Mar/2019:19:23:14 +0000] "POST /ipn HTTP/1.1" - - "-" "PayPal/AUHR-214.0-51787073"
::1 - - [06/Mar/2019:19:23:22 +0000] "POST /ipn HTTP/1.1" - - "-" "PayPal/AUHR-214.0-51787073"
::1 - - [06/Mar/2019:19:23:29 +0000] "POST /ipn HTTP/1.1" - - "-" "PayPal/AUHR-214.0-51787073"
::1 - - [06/Mar/2019:19:24:13 +0000] "POST /ipn HTTP/1.1" - - "-" "PayPal/AUHR-214.0-51787073"
::1 - - [06/Mar/2019:19:24:16 +0000] "POST /ipn HTTP/1.1" - - "-" "PayPal/AUHR-214.0-51787073"
::1 - - [06/Mar/2019:19:24:35 +0000] "POST /ipn HTTP/1.1" - - "-" "PayPal/AUHR-214.0-51787073"
::1 - - [06/Mar/2019:19:24:47 +0000] "POST /ipn HTTP/1.1" - - "-" "PayPal/AUHR-214.0-51787073"
::1 - - [06/Mar/2019:19:25:18 +0000] "POST /ipn HTTP/1.1" - - "-" "PayPal/AUHR-214.0-51787073"
::1 - - [06/Mar/2019:19:25:20 +0000] "POST /ipn HTTP/1.1" - - "-" "PayPal/AUHR-214.0-51787073"
::1 - - [06/Mar/2019:19:26:06 +0000] "POST /ipn HTTP/1.1" - - "-" "PayPal/AUHR-214.0-51787073"
::1 - - [06/Mar/2019:19:26:33 +0000] "POST /ipn HTTP/1.1" - - "-" "PayPal/AUHR-214.0-51787073"
::1 - - [06/Mar/2019:19:27:01 +0000] "POST /ipn HTTP/1.1" - - "-" "PayPal/AUHR-214.0-51787073"
::1 - - [06/Mar/2019:19:27:29 +0000] "POST /ipn HTTP/1.1" - - "-" "PayPal/AUHR-214.0-51787073"
::1 - - [06/Mar/2019:19:27:52 +0000] "POST /ipn HTTP/1.1" - - "-" "PayPal/AUHR-214.0-51787073"
::1 - - [06/Mar/2019:19:28:43 +0000] "POST /ipn HTTP/1.1" - - "-" "PayPal/AUHR-214.0-51787073"
::1 - - [06/Mar/2019:19:29:16 +0000] "POST /ipn HTTP/1.1" - - "-" "PayPal/AUHR-214.0-51787073"
::1 - - [06/Mar/2019:19:51:42 +0000] "POST /ipn HTTP/1.1" - - "-" "PayPal/AUHD-214.0-51787073"
::1 - - [06/Mar/2019:19:52:30 +0000] "POST /ipn HTTP/1.1" - - "-" "PayPal/AUHR-214.0-51787073"
::1 - - [06/Mar/2019:19:53:15 +0000] "POST /ipn HTTP/1.1" - - "-" "PayPal/AUHR-214.0-51787073"
::1 - - [06/Mar/2019:19:54:04 +0000] "POST /ipn HTTP/1.1" - - "-" "PayPal/AUHR-214.0-51787073"
::1 - - [06/Mar/2019:19:55:16 +0000] "POST /ipn HTTP/1.1" - - "-" "PayPal/AUHR-214.0-51787073"
::1 - - [06/Mar/2019:19:56:31 +0000] "POST /ipn HTTP/1.1" - - "-" "PayPal/AUHR-214.0-51787073"
::1 - - [06/Mar/2019:19:58:05 +0000] "POST /ipn HTTP/1.1" - - "-" "PayPal/AUHR-214.0-51787073"
::1 - - [06/Mar/2019:19:58:57 +0000] "POST /ipn HTTP/1.1" - - "-" "PayPal/AUHR-214.0-51787073"
::1 - - [06/Mar/2019:20:00:42 +0000] "POST /ipn HTTP/1.1" - - "-" "PayPal/AUHR-214.0-51787073"
::1 - - [06/Mar/2019:20:02:18 +0000] "POST /ipn HTTP/1.1" - - "-" "PayPal/AUHR-214.0-51787073"
::1 - - [06/Mar/2019:20:03:05 +0000] "POST /ipn HTTP/1.1" - - "-" "PayPal/AUHR-214.0-51787073"
::1 - - [06/Mar/2019:20:04:23 +0000] "POST /ipn HTTP/1.1" - - "-" "PayPal/AUHR-214.0-51787073"
::1 - - [06/Mar/2019:20:05:28 +0000] "POST /ipn HTTP/1.1" - - "-" "PayPal/AUHR-214.0-51787073"
::1 - - [06/Mar/2019:20:06:24 +0000] "POST /ipn HTTP/1.1" - - "-" "PayPal/AUHR-214.0-51787073"
::1 - - [06/Mar/2019:20:07:59 +0000] "POST /ipn HTTP/1.1" - - "-" "PayPal/AUHR-214.0-51787073"
::1 - - [06/Mar/2019:20:08:45 +0000] "POST /ipn HTTP/1.1" - - "-" "PayPal/AUHR-214.0-51787073"
::1 - - [06/Mar/2019:20:09:39 +0000] "POST /ipn HTTP/1.1" - - "-" "PayPal/AUHR-214.0-51787073"
::1 - - [06/Mar/2019:20:10:35 +0000] "POST /ipn HTTP/1.1" - - "-" "PayPal/AUHR-214.0-51787073"
::1 - - [06/Mar/2019:20:12:05 +0000] "POST /ipn HTTP/1.1" - - "-" "PayPal/AUHR-214.0-51787073"
::1 - - [06/Mar/2019:20:12:57 +0000] "POST /ipn HTTP/1.1" - - "-" "PayPal/AUHR-214.0-51787073"
::1 - - [06/Mar/2019:20:13:51 +0000] "POST /ipn HTTP/1.1" - - "-" "PayPal/AUHR-214.0-51787073"
::1 - - [06/Mar/2019:20:14:47 +0000] "POST /ipn HTTP/1.1" - - "-" "PayPal/AUHR-214.0-51787073"
::1 - - [06/Mar/2019:20:15:48 +0000] "POST /ipn HTTP/1.1" - - "-" "PayPal/AUHR-214.0-51787073"
::1 - - [06/Mar/2019:20:17:24 +0000] "POST /ipn HTTP/1.1" - - "-" "PayPal/AUHR-214.0-51787073"
::1 - - [06/Mar/2019:20:18:12 +0000] "POST /ipn HTTP/1.1" - - "-" "PayPal/AUHR-214.0-51787073"
::1 - - [06/Mar/2019:20:19:20 +0000] "POST /ipn HTTP/1.1" - - "-" "PayPal/AUHR-214.0-51787073"
::1 - - [06/Mar/2019:20:39:34 +0000] "POST /ipn HTTP/1.1" - - "-" "PayPal/AUHD-214.0-51787073"
::1 - - [06/Mar/2019:20:40:54 +0000] "POST /ipn HTTP/1.1" - - "-" "PayPal/AUHR-214.0-51787073"
::1 - - [06/Mar/2019:20:41:41 +0000] "POST /ipn HTTP/1.1" - - "-" "PayPal/AUHR-214.0-51787073"
::1 - - [06/Mar/2019:20:42:45 +0000] "POST /ipn HTTP/1.1" - - "-" "PayPal/AUHR-214.0-51787073"
::1 - - [06/Mar/2019:20:44:24 +0000] "POST /ipn HTTP/1.1" - - "-" "PayPal/AUHR-214.0-51787073"
::1 - - [06/Mar/2019:20:45:36 +0000] "POST /ipn HTTP/1.1" - - "-" "PayPal/AUHR-214.0-51787073"
::1 - - [06/Mar/2019:20:46:54 +0000] "POST /ipn HTTP/1.1" - - "-" "PayPal/AUHR-214.0-51787073"
::1 - - [06/Mar/2019:20:48:25 +0000] "POST /ipn HTTP/1.1" - - "-" "PayPal/AUHR-214.0-51787073"
::1 - - [06/Mar/2019:20:49:15 +0000] "POST /ipn HTTP/1.1" - - "-" "PayPal/AUHR-214.0-51787073"
::1 - - [06/Mar/2019:20:51:01 +0000] "POST /ipn HTTP/1.1" - - "-" "PayPal/AUHR-214.0-51787073"
::1 - - [06/Mar/2019:20:52:18 +0000] "POST /ipn HTTP/1.1" - - "-" "PayPal/AUHR-214.0-51787073"
::1 - - [06/Mar/2019:20:54:19 +0000] "POST /ipn HTTP/1.1" - - "-" "PayPal/AUHR-214.0-51787073"
::1 - - [06/Mar/2019:20:55:05 +0000] "POST /ipn HTTP/1.1" - - "-" "PayPal/AUHR-214.0-51787073"
::1 - - [06/Mar/2019:20:56:28 +0000] "POST /ipn HTTP/1.1" - - "-" "PayPal/AUHR-214.0-51787073"
::1 - - [06/Mar/2019:20:56:28 +0000] "POST /ipn HTTP/1.1" - - "-" "PayPal/AUHR-214.0-51787073"
::1 - - [06/Mar/2019:20:59:15 +0000] "POST /ipn HTTP/1.1" - - "-" "PayPal/AUHR-214.0-51787073"
::1 - - [06/Mar/2019:21:00:16 +0000] "POST /ipn HTTP/1.1" - - "-" "PayPal/AUHR-214.0-51787073"
::1 - - [06/Mar/2019:21:01:53 +0000] "POST /ipn HTTP/1.1" - - "-" "PayPal/AUHR-214.0-51787073"
::1 - - [06/Mar/2019:21:02:57 +0000] "POST /ipn HTTP/1.1" - - "-" "PayPal/AUHR-214.0-51787073"
::1 - - [06/Mar/2019:21:03:47 +0000] "POST /ipn HTTP/1.1" - - "-" "PayPal/AUHR-214.0-51787073"
::1 - - [06/Mar/2019:21:04:49 +0000] "POST /ipn HTTP/1.1" - - "-" "PayPal/AUHR-214.0-51787073"
::1 - - [06/Mar/2019:21:06:11 +0000] "POST /ipn HTTP/1.1" - - "-" "PayPal/AUHR-214.0-51787073"
::1 - - [06/Mar/2019:21:07:03 +0000] "POST /ipn HTTP/1.1" - - "-" "PayPal/AUHR-214.0-51787073"
::1 - - [06/Mar/2019:21:08:06 +0000] "POST /ipn HTTP/1.1" - - "-" "PayPal/AUHR-214.0-51787073"
::1 - - [06/Mar/2019:21:09:40 +0000] "POST /ipn HTTP/1.1" - - "-" "PayPal/AUHR-214.0-51787073"
::1 - - [06/Mar/2019:21:14:09 +0000] "POST /ipn HTTP/1.1" - - "-" "PayPal/AUHR-214.0-51787073"
