::1 - - [20/Feb/2019:16:31:50 +0000] "GET /post/5c6c0f3f86add50150d13ca5 HTTP/1.1" 500 2229 "-" "PostmanRuntime/7.6.0"
::1 - - [20/Feb/2019:16:35:00 +0000] "POST /user/login HTTP/1.1" 500 2229 "-" "PostmanRuntime/7.6.0"
::1 - - [20/Feb/2019:16:41:28 +0000] "POST /user/login HTTP/1.1" 302 30 "-" "PostmanRuntime/7.6.0"
::1 - - [20/Feb/2019:16:41:28 +0000] "GET /profile HTTP/1.1" 200 437 "http://localhost:5000/user/login" "PostmanRuntime/7.6.0"
::1 - - [20/Feb/2019:16:41:41 +0000] "GET /post/5c6c0f3f86add50150d13ca5 HTTP/1.1" 200 630 "-" "PostmanRuntime/7.6.0"
::1 - - [20/Feb/2019:16:43:43 +0000] "POST /post HTTP/1.1" 404 144 "-" "PostmanRuntime/7.6.0"
::1 - - [20/Feb/2019:16:44:12 +0000] "POST /post HTTP/1.1" 404 144 "-" "PostmanRuntime/7.6.0"
::1 - - [20/Feb/2019:16:44:20 +0000] "POST /post/12 HTTP/1.1" 200 230 "-" "PostmanRuntime/7.6.0"
::1 - - [20/Feb/2019:16:45:00 +0000] "DELETE /post/5c6d83e34f8f761278a0a4ac HTTP/1.1" 302 32 "-" "PostmanRuntime/7.6.0"
::1 - - [20/Feb/2019:16:47:00 +0000] "GET /dashboard HTTP/1.1" - - "http://localhost:5000/post/5c6d83e34f8f761278a0a4ac" "PostmanRuntime/7.6.0"
::1 - - [20/Feb/2019:16:51:14 +0000] "POST /user/login HTTP/1.1" 302 30 "-" "PostmanRuntime/7.6.0"
::1 - - [20/Feb/2019:16:51:14 +0000] "GET /profile HTTP/1.1" 200 437 "http://localhost:5000/user/login" "PostmanRuntime/7.6.0"
::1 - - [20/Feb/2019:16:51:22 +0000] "POST /post/ HTTP/1.1" 404 145 "-" "PostmanRuntime/7.6.0"
::1 - - [20/Feb/2019:16:51:50 +0000] "POST /post HTTP/1.1" 404 144 "-" "PostmanRuntime/7.6.0"
::1 - - [20/Feb/2019:16:52:22 +0000] "POST /user/login HTTP/1.1" 302 30 "-" "PostmanRuntime/7.6.0"
::1 - - [20/Feb/2019:16:52:24 +0000] "GET /profile HTTP/1.1" 200 437 "http://localhost:5000/user/login" "PostmanRuntime/7.6.0"
::1 - - [20/Feb/2019:16:52:30 +0000] "POST /post HTTP/1.1" 200 230 "-" "PostmanRuntime/7.6.0"
::1 - - [20/Feb/2019:16:52:48 +0000] "DELETE /post/5c6d85cc2939b1059c84a6c7 HTTP/1.1" 302 32 "-" "PostmanRuntime/7.6.0"
::1 - - [20/Feb/2019:16:54:48 +0000] "GET /dashboard HTTP/1.1" - - "http://localhost:5000/post/5c6d85cc2939b1059c84a6c7" "PostmanRuntime/7.6.0"
::1 - - [20/Feb/2019:16:56:54 +0000] "POST /user/login HTTP/1.1" 302 30 "-" "PostmanRuntime/7.6.0"
::1 - - [20/Feb/2019:16:56:55 +0000] "GET /profile HTTP/1.1" 200 437 "http://localhost:5000/user/login" "PostmanRuntime/7.6.0"
::1 - - [20/Feb/2019:16:56:58 +0000] "POST /post HTTP/1.1" 200 230 "-" "PostmanRuntime/7.6.0"
::1 - - [20/Feb/2019:16:57:09 +0000] "DELETE /post/5c6d86da2c2af2054c61eeeb HTTP/1.1" 302 32 "-" "PostmanRuntime/7.6.0"
::1 - - [20/Feb/2019:16:57:09 +0000] "GET /dashboard HTTP/1.1" 200 2 "http://localhost:5000/post/5c6d86da2c2af2054c61eeeb" "PostmanRuntime/7.6.0"
::1 - - [20/Feb/2019:16:57:49 +0000] "POST /user/login HTTP/1.1" 302 30 "-" "PostmanRuntime/7.6.0"
::1 - - [20/Feb/2019:16:57:50 +0000] "GET /profile HTTP/1.1" 200 437 "http://localhost:5000/user/login" "PostmanRuntime/7.6.0"
::1 - - [20/Feb/2019:16:57:59 +0000] "POST /post HTTP/1.1" 200 230 "-" "PostmanRuntime/7.6.0"
::1 - - [20/Feb/2019:16:58:10 +0000] "DELETE /post/5c6d87143fefb20a98b298d0 HTTP/1.1" 302 32 "-" "PostmanRuntime/7.6.0"
::1 - - [20/Feb/2019:16:58:10 +0000] "GET /dashboard HTTP/1.1" 500 2348 "http://localhost:5000/post/5c6d87143fefb20a98b298d0" "PostmanRuntime/7.6.0"
::1 - - [20/Feb/2019:16:58:54 +0000] "POST /user/login HTTP/1.1" 302 30 "-" "PostmanRuntime/7.6.0"
::1 - - [20/Feb/2019:16:58:54 +0000] "GET /profile HTTP/1.1" 200 437 "http://localhost:5000/user/login" "PostmanRuntime/7.6.0"
::1 - - [20/Feb/2019:16:58:58 +0000] "POST /post HTTP/1.1" 200 230 "-" "PostmanRuntime/7.6.0"
::1 - - [20/Feb/2019:16:59:10 +0000] "DELETE /post/5c6d8752aeda5c0d3006f46c HTTP/1.1" 302 32 "-" "PostmanRuntime/7.6.0"
::1 - - [20/Feb/2019:16:59:10 +0000] "GET /dashboard HTTP/1.1" 500 2369 "http://localhost:5000/post/5c6d8752aeda5c0d3006f46c" "PostmanRuntime/7.6.0"
::1 - - [20/Feb/2019:16:59:53 +0000] "DELETE /post/5c6d8752aeda5c0d3006f46c HTTP/1.1" 302 32 "-" "PostmanRuntime/7.6.0"
::1 - - [20/Feb/2019:16:59:54 +0000] "GET /dashboard HTTP/1.1" 500 2369 "http://localhost:5000/post/5c6d8752aeda5c0d3006f46c" "PostmanRuntime/7.6.0"
::1 - - [20/Feb/2019:16:59:57 +0000] "DELETE /post/5c6d8752aeda5c0d3006f46c HTTP/1.1" 302 32 "-" "PostmanRuntime/7.6.0"
::1 - - [20/Feb/2019:16:59:57 +0000] "GET /dashboard HTTP/1.1" 500 2369 "http://localhost:5000/post/5c6d8752aeda5c0d3006f46c" "PostmanRuntime/7.6.0"
::1 - - [20/Feb/2019:17:01:17 +0000] "GET /dashboard HTTP/1.1" 302 23 "-" "PostmanRuntime/7.6.0"
::1 - - [20/Feb/2019:17:01:17 +0000] "GET / HTTP/1.1" 200 4 "http://localhost:5000/dashboard" "PostmanRuntime/7.6.0"
::1 - - [20/Feb/2019:17:01:22 +0000] "POST /user/login HTTP/1.1" 302 30 "-" "PostmanRuntime/7.6.0"
::1 - - [20/Feb/2019:17:01:22 +0000] "GET /profile HTTP/1.1" 200 437 "http://localhost:5000/user/login" "PostmanRuntime/7.6.0"
::1 - - [20/Feb/2019:17:01:27 +0000] "GET /dashboard HTTP/1.1" 200 - "-" "PostmanRuntime/7.6.0"
::1 - - [20/Feb/2019:17:01:33 +0000] "GET /dashboard HTTP/1.1" 200 - "-" "PostmanRuntime/7.6.0"
::1 - - [20/Feb/2019:17:01:39 +0000] "POST /user/login HTTP/1.1" 302 30 "-" "PostmanRuntime/7.6.0"
::1 - - [20/Feb/2019:17:01:39 +0000] "GET /profile HTTP/1.1" 200 437 "http://localhost:5000/user/login" "PostmanRuntime/7.6.0"
::1 - - [20/Feb/2019:17:01:43 +0000] "GET /dashboard HTTP/1.1" 200 - "-" "PostmanRuntime/7.6.0"
::1 - - [20/Feb/2019:17:03:24 +0000] "POST /user/login HTTP/1.1" 302 30 "-" "PostmanRuntime/7.6.0"
::1 - - [20/Feb/2019:17:03:25 +0000] "GET /profile HTTP/1.1" 200 437 "http://localhost:5000/user/login" "PostmanRuntime/7.6.0"
::1 - - [20/Feb/2019:17:03:29 +0000] "GET /dashboard HTTP/1.1" 200 433 "-" "PostmanRuntime/7.6.0"
::1 - - [20/Feb/2019:17:03:34 +0000] "POST /post HTTP/1.1" 200 230 "-" "PostmanRuntime/7.6.0"
::1 - - [20/Feb/2019:17:03:51 +0000] "DELETE /post/5c6d8866d777bd0d8c9d23ae HTTP/1.1" 302 32 "-" "PostmanRuntime/7.6.0"
::1 - - [20/Feb/2019:17:03:51 +0000] "GET /dashboard HTTP/1.1" 200 433 "http://localhost:5000/post/5c6d8866d777bd0d8c9d23ae" "PostmanRuntime/7.6.0"
::1 - - [20/Feb/2019:17:04:10 +0000] "GET /post/5c6d8866d777bd0d8c9d23ae HTTP/1.1" 404 9 "-" "PostmanRuntime/7.6.0"
::1 - - [20/Feb/2019:17:06:57 +0000] "POST /user/login HTTP/1.1" 302 30 "-" "PostmanRuntime/7.6.0"
::1 - - [20/Feb/2019:17:06:59 +0000] "GET /profile HTTP/1.1" 200 437 "http://localhost:5000/user/login" "PostmanRuntime/7.6.0"
::1 - - [20/Feb/2019:17:08:04 +0000] "POST /user/login HTTP/1.1" 302 30 "-" "PostmanRuntime/7.6.0"
::1 - - [20/Feb/2019:17:08:06 +0000] "GET /profile HTTP/1.1" 200 437 "http://localhost:5000/user/login" "PostmanRuntime/7.6.0"
::1 - - [20/Feb/2019:17:10:46 +0000] "POST /user/login HTTP/1.1" 302 30 "-" "PostmanRuntime/7.6.0"
::1 - - [20/Feb/2019:17:10:48 +0000] "GET /profile HTTP/1.1" 200 437 "http://localhost:5000/user/login" "PostmanRuntime/7.6.0"
::1 - - [20/Feb/2019:17:10:53 +0000] "GET /post/5c6d8866d777bd0d8c9d23ae HTTP/1.1" 404 33 "-" "PostmanRuntime/7.6.0"
::1 - - [20/Feb/2019:17:16:55 +0000] "POST /user/login HTTP/1.1" 302 30 "-" "PostmanRuntime/7.6.0"
::1 - - [20/Feb/2019:17:16:58 +0000] "GET /profile HTTP/1.1" 200 437 "http://localhost:5000/user/login" "PostmanRuntime/7.6.0"
::1 - - [20/Feb/2019:17:18:01 +0000] "POST /user/login HTTP/1.1" 302 30 "-" "PostmanRuntime/7.6.0"
::1 - - [20/Feb/2019:17:18:02 +0000] "GET /profile HTTP/1.1" 200 437 "http://localhost:5000/user/login" "PostmanRuntime/7.6.0"
::1 - - [20/Feb/2019:17:18:08 +0000] "GET /post/5c6d8866d777bd0d8c9d23ae HTTP/1.1" 404 53 "-" "PostmanRuntime/7.6.0"
::1 - - [20/Feb/2019:17:22:12 +0000] "POST /user/login HTTP/1.1" 302 30 "-" "PostmanRuntime/7.6.0"
::1 - - [20/Feb/2019:17:22:19 +0000] "GET /profile HTTP/1.1" 200 437 "http://localhost:5000/user/login" "PostmanRuntime/7.6.0"
::1 - - [20/Feb/2019:17:22:32 +0000] "DELETE /post/5c6d8866d777bd0d8c9d23ae HTTP/1.1" 302 32 "-" "PostmanRuntime/7.6.0"
::1 - - [20/Feb/2019:17:22:33 +0000] "GET /dashboard HTTP/1.1" 200 433 "http://localhost:5000/post/5c6d8866d777bd0d8c9d23ae" "PostmanRuntime/7.6.0"
::1 - - [20/Feb/2019:17:22:39 +0000] "DELETE /post/5c6d8866d777bd0d8c9d23ae HTTP/1.1" 302 32 "-" "PostmanRuntime/7.6.0"
::1 - - [20/Feb/2019:17:22:40 +0000] "GET /dashboard HTTP/1.1" 200 433 "http://localhost:5000/post/5c6d8866d777bd0d8c9d23ae" "PostmanRuntime/7.6.0"
::1 - - [20/Feb/2019:17:22:54 +0000] "DELETE /post/ss HTTP/1.1" 302 32 "-" "PostmanRuntime/7.6.0"
::1 - - [20/Feb/2019:17:22:55 +0000] "GET /dashboard HTTP/1.1" 200 433 "http://localhost:5000/post/ss" "PostmanRuntime/7.6.0"
::1 - - [20/Feb/2019:17:29:15 +0000] "POST /user/login HTTP/1.1" 302 30 "-" "PostmanRuntime/7.6.0"
::1 - - [20/Feb/2019:17:29:16 +0000] "GET /profile HTTP/1.1" 200 437 "http://localhost:5000/user/login" "PostmanRuntime/7.6.0"
::1 - - [20/Feb/2019:17:29:21 +0000] "DELETE /post/ss HTTP/1.1" 404 53 "-" "PostmanRuntime/7.6.0"
::1 - - [20/Feb/2019:17:29:33 +0000] "GET /post/5c6d8866d777bd0d8c9d23ae HTTP/1.1" 404 53 "-" "PostmanRuntime/7.6.0"
::1 - - [20/Feb/2019:17:29:41 +0000] "POST /post HTTP/1.1" 200 230 "-" "PostmanRuntime/7.6.0"
::1 - - [20/Feb/2019:17:29:58 +0000] "DELETE /post/5c6d8e831d5a0318f0714f6f HTTP/1.1" 302 32 "-" "PostmanRuntime/7.6.0"
::1 - - [20/Feb/2019:17:30:00 +0000] "GET /dashboard HTTP/1.1" 200 433 "http://localhost:5000/post/5c6d8e831d5a0318f0714f6f" "PostmanRuntime/7.6.0"
::1 - - [20/Feb/2019:19:40:44 +0000] "POST /user/login HTTP/1.1" 302 30 "-" "PostmanRuntime/7.6.0"
::1 - - [20/Feb/2019:19:40:44 +0000] "GET /profile HTTP/1.1" 200 437 "http://localhost:5000/user/login" "PostmanRuntime/7.6.0"
::1 - - [20/Feb/2019:19:43:08 +0000] "GET /post/5c6d8866d777bd0d8c9d23ae HTTP/1.1" 404 53 "-" "PostmanRuntime/7.6.0"
::1 - - [20/Feb/2019:19:43:33 +0000] "GET /post/5c6d8e831d5a0318f0714f6f HTTP/1.1" 404 53 "-" "PostmanRuntime/7.6.0"
::1 - - [20/Feb/2019:19:44:08 +0000] "POST /post HTTP/1.1" 200 230 "-" "PostmanRuntime/7.6.0"
::1 - - [20/Feb/2019:19:44:22 +0000] "GET /post/5c6dae0823453b16d8603766 HTTP/1.1" 200 629 "-" "PostmanRuntime/7.6.0"
::1 - - [20/Feb/2019:19:48:46 +0000] "POST /user/login HTTP/1.1" 302 30 "-" "PostmanRuntime/7.6.0"
::1 - - [20/Feb/2019:19:48:46 +0000] "GET /profile HTTP/1.1" 200 437 "http://localhost:5000/user/login" "PostmanRuntime/7.6.0"
::1 - - [20/Feb/2019:19:48:55 +0000] "GET /saved/5c6dae0823453b16d8603766 HTTP/1.1" 404 54 "-" "PostmanRuntime/7.6.0"
::1 - - [20/Feb/2019:19:52:39 +0000] "POST /saved/add/5c6dae0823453b16d8603766 HTTP/1.1" 302 23 "-" "PostmanRuntime/7.6.0"
::1 - - [20/Feb/2019:19:52:39 +0000] "GET / HTTP/1.1" 200 4 "http://localhost:5000/saved/add/5c6dae0823453b16d8603766" "PostmanRuntime/7.6.0"
::1 - - [20/Feb/2019:19:54:27 +0000] "POST /saved/add/5c6dae0823453b16d8603766 HTTP/1.1" 404 50 "-" "PostmanRuntime/7.6.0"
::1 - - [20/Feb/2019:19:54:44 +0000] "POST /saved/add/5c6dae0823453b16d8603766 HTTP/1.1" 404 50 "-" "PostmanRuntime/7.6.0"
::1 - - [20/Feb/2019:20:02:00 +0000] "POST /user/login HTTP/1.1" 302 30 "-" "PostmanRuntime/7.6.0"
::1 - - [20/Feb/2019:20:02:00 +0000] "GET /profile HTTP/1.1" 200 437 "http://localhost:5000/user/login" "PostmanRuntime/7.6.0"
::1 - - [20/Feb/2019:20:02:13 +0000] "POST /saved/add/5c6dae0823453b16d8603766 HTTP/1.1" 200 228 "-" "PostmanRuntime/7.6.0"
